<?xml version="1.0" encoding="UTF-8"?>
<testsuite name="Cucumber" time="154.315" tests="5" skipped="0" failures="4" errors="0">
<testcase classname="Navia the Application" name="Login Navia" time="148.401">
<system-out><![CDATA[
Given User Navigate to Navia................................................passed
When User Click login with client code......................................passed
And User Enter Client Code..................................................passed
And User  Enter Password....................................................passed
And User Click Agree CheckBox...............................................passed
And User Click Login button.................................................passed
And User Click Otp Verification and enter manualy...........................passed
And User Click Login Again..................................................passed
Then Next Page Shown........................................................passed
]]></system-out>
</testcase>
<testcase classname="Navia the Application" name="User Verify The Market Depth - Stock - functionality" time="0.317">
<failure/>
<system-out><![CDATA[
When Navigate To Home Page..................................................undefined
And User click the search box...............................................skipped
And User Search any "RELIANCE-A" Script by "BSE"............................skipped
And User Navigate The "BSE" and "RELIANCE INDUSTRIES LTD" Stock.............skipped
And User Verify The "BSE" Market Depth Options "Today Open" Value...........skipped
And User Verify The "BSE" Market Depth Options "Yesterday close" Value......skipped
And User Verify The "BSE" Market Depth Options Days Range "Low" Value.......skipped
And User Verify The "BSE" Market Depth Options Days Range "High" Value......skipped
And User Verify The "BSE" Market Depth Options year Range "Low" Value.......skipped
And User Verify The "BSE" Market Depth Options year Range "High" Value......skipped
And User Verify The "BSE" Market Depth Options Daily price range "Min" Value.skipped
And User Verify The "BSE" Market Depth Options Daily price range "Max" Value.skipped
Then User Close The Current Window..........................................skipped
]]></system-out>
</testcase>
<testcase classname="Navia the Application" name="User Verify The Market Depth - Stock - functionality" time="0.594">
<failure/>
<system-out><![CDATA[
When Navigate To Home Page..................................................undefined
And User click the search box...............................................skipped
And User Search any "BEL-EQ" Script by "NSE"................................skipped
And User Navigate The "NSE" and "BEL" Stock.................................skipped
And User Verify The "NSE" Market Depth Options "Today Open" Value...........skipped
And User Verify The "NSE" Market Depth Options "Yesterday close" Value......skipped
And User Verify The "NSE" Market Depth Options Days Range "Low" Value.......skipped
And User Verify The "NSE" Market Depth Options Days Range "High" Value......skipped
And User Verify The "NSE" Market Depth Options year Range "Low" Value.......skipped
And User Verify The "NSE" Market Depth Options year Range "High" Value......skipped
And User Verify The "NSE" Market Depth Options Daily price range "Min" Value.skipped
And User Verify The "NSE" Market Depth Options Daily price range "Max" Value.skipped
Then User Close The Current Window..........................................skipped
Then Next Page Shown........................................................skipped
]]></system-out>
</testcase>
<testcase classname="Navia the Application" name="User Verify The Market Depth - Feature - functionality" time="1.021">
<failure/>
<system-out><![CDATA[
When Navigate To Home Page..................................................undefined
And User click the search box...............................................skipped
And User Search any "CRUDEOIL" Script by "MCX"..............................skipped
And User Navigate The "MCX" and "CRUDEOIL" Stock............................skipped
And User Verify The "MCX" Market Depth Options "Today Open" Value...........skipped
And User Verify The "MCX" Market Depth Options "Yesterday close" Value......skipped
And User Verify The "MCX" Market Depth Options Days Range "Low" Value.......skipped
And User Verify The "MCX" Market Depth Options Days Range "High" Value......skipped
Then User Close The Current Window..........................................skipped
]]></system-out>
</testcase>
<testcase classname="Navia the Application" name="User Verify The Market Depth - Stock - functionality" time="0.854">
<failure/>
<system-out><![CDATA[
When Navigate To Home Page..................................................undefined
And User Open The Current "Nifty 50" Stike..................................skipped
And User Verify The "NFO" Market Depth Options "Today Open" Value...........skipped
And User Verify The "NFO" Market Depth Options "Yesterday close" Value......skipped
And User Verify The "NFO" Market Depth Options Days Range "Low" Value.......skipped
And User Verify The "NFO" Market Depth Options Days Range "High" Value......skipped
]]></system-out>
</testcase>
</testsuite>
